<?xml version="1.0" encoding="UTF-8"?>
<!-- Generated by org.testng.reporters.JUnitReportReporter -->
<testsuite hostname="CHMB123429.local" failures="0" tests="5" name="package1.TestNG" time="56.069" errors="0" timestamp="2021-12-17T12:28:24 IST" skipped="0">
  <testcase classname="package1.TestNG" name="browserSetup" time="13.194"/>
  <system-out/>
  <testcase classname="package1.TestNG" name="performActions" time="13.600"/>
  <system-out/>
  <testcase classname="package1.TestNG" name="newWindow" time="7.911"/>
  <system-out/>
  <testcase classname="package1.TestNG" name="mouseOverAndClick" time="15.104"/>
  <system-out/>
  <testcase classname="package1.TestNG" name="iFrameHandle" time="6.260"/>
  <system-out/>
</testsuite> <!-- package1.TestNG -->
